{"uid":"cbfd8992500e9af3","name":"Click to the func Authentication -- @1.1 ","fullName":"example feature on HerokuApp web: Click to the func Authentication","historyId":"31e0afe0e30b135950a3bff8e785670a","time":{"start":1742150393178,"stop":1742150395598,"duration":2420},"status":"broken","statusMessage":"selenium.common.exceptions.StaleElementReferenceException: Message: stale element reference: stale element not found\n  (Session info: chrome=134.0.6998.89); For documentation on this error, please visit: https://www.selenium.dev/documentation/webdriver/troubleshooting/errors#stale-element-reference-exception\nStacktrace:\n\tGetHandleVerifier [0x00007FF65618FE45+26629]\n\t(No symbol) [0x00007FF6560F6010]\n\t(No symbol) [0x00007FF655F8931A]\n\t(No symbol) [0x00007FF655F9F424]\n\t(No symbol) [0x00007FF655F9DEF3]\n\t(No symbol) [0x00007FF655F919A9]\n\t(No symbol) [0x00007FF655F8F782]\n\t(No symbol) [0x00007FF655F93A3C]\n\t(No symbol) [0x00007FF655F93B0F]\n\t(No symbol) [0x00007FF655FD9526]\n\t(No symbol) [0x00007FF656007AAA]\n\t(No symbol) [0x00007FF655FD2156]\n\t(No symbol) [0x00007FF656007CC0]\n\t(No symbol) [0x00007FF656030169]\n\t(No symbol) [0x00007FF656007883]\n\t(No symbol) [0x00007FF655FD0550]\n\t(No symbol) [0x00007FF655FD1803]\n\tGetHandleVerifier [0x00007FF6564E72BD+3529853]\n\tGetHandleVerifier [0x00007FF6564FDA22+3621858]\n\tGetHandleVerifier [0x00007FF6564F24D3+3575443]\n\tGetHandleVerifier [0x00007FF65625B77A+860474]\n\t(No symbol) [0x00007FF65610088F]\n\t(No symbol) [0x00007FF6560FCBC4]\n\t(No symbol) [0x00007FF6560FCD66]\n\t(No symbol) [0x00007FF6560EC2C9]\n\tBaseThreadInitThunk [0x00007FFB5656E8D7+23]\n\tRtlUserThreadStart [0x00007FFB5789BF2C+44]\n\n","statusTrace":"  File \"C:\\Users\\Admin\\AppData\\Local\\Programs\\Python\\Python312\\Lib\\site-packages\\behave\\model.py\", line 1329, in run\n    match.run(runner.context)\n  File \"C:\\Users\\Admin\\AppData\\Local\\Programs\\Python\\Python312\\Lib\\site-packages\\behave\\matchers.py\", line 98, in run\n    self.func(context, *args, **kwargs)\n  File \"features\\steps\\steps_herokuapp.py\", line 57, in step_impl\n    assert get_login_page(context).verify_subheader() == \"Welcome to the Secure Area. When you are done click logout below.\"\n           ^^^^^^^^^^^^^^^^^^^^^^^^^^^^^^^^^^^^^^^^^^\n  File \"D:\\works_space\\selenium_bdd_python\\features\\steps\\pages\\login_page.py\", line 44, in verify_subheader\n    return self.wait.until(EC.presence_of_element_located(self.subheader)).text\n           ^^^^^^^^^^^^^^^^^^^^^^^^^^^^^^^^^^^^^^^^^^^^^^^^^^^^^^^^^^^^^^^^^^^^\n  File \"C:\\Users\\Admin\\AppData\\Local\\Programs\\Python\\Python312\\Lib\\site-packages\\selenium\\webdriver\\remote\\webelement.py\", line 109, in text\n    return self._execute(Command.GET_ELEMENT_TEXT)[\"value\"]\n           ^^^^^^^^^^^^^^^^^^^^^^^^^^^^^^^^^^^^^^^\n  File \"C:\\Users\\Admin\\AppData\\Local\\Programs\\Python\\Python312\\Lib\\site-packages\\selenium\\webdriver\\remote\\webelement.py\", line 570, in _execute\n    return self._parent.execute(command, params)\n           ^^^^^^^^^^^^^^^^^^^^^^^^^^^^^^^^^^^^^\n  File \"C:\\Users\\Admin\\AppData\\Local\\Programs\\Python\\Python312\\Lib\\site-packages\\selenium\\webdriver\\remote\\webdriver.py\", line 429, in execute\n    self.error_handler.check_response(response)\n  File \"C:\\Users\\Admin\\AppData\\Local\\Programs\\Python\\Python312\\Lib\\site-packages\\selenium\\webdriver\\remote\\errorhandler.py\", line 232, in check_response\n    raise exception_class(message, screen, stacktrace)\n","flaky":false,"newFailed":false,"newBroken":false,"newPassed":false,"retriesCount":3,"retriesStatusChange":true,"beforeStages":[],"testStage":{"status":"broken","statusMessage":"selenium.common.exceptions.StaleElementReferenceException: Message: stale element reference: stale element not found\n  (Session info: chrome=134.0.6998.89); For documentation on this error, please visit: https://www.selenium.dev/documentation/webdriver/troubleshooting/errors#stale-element-reference-exception\nStacktrace:\n\tGetHandleVerifier [0x00007FF65618FE45+26629]\n\t(No symbol) [0x00007FF6560F6010]\n\t(No symbol) [0x00007FF655F8931A]\n\t(No symbol) [0x00007FF655F9F424]\n\t(No symbol) [0x00007FF655F9DEF3]\n\t(No symbol) [0x00007FF655F919A9]\n\t(No symbol) [0x00007FF655F8F782]\n\t(No symbol) [0x00007FF655F93A3C]\n\t(No symbol) [0x00007FF655F93B0F]\n\t(No symbol) [0x00007FF655FD9526]\n\t(No symbol) [0x00007FF656007AAA]\n\t(No symbol) [0x00007FF655FD2156]\n\t(No symbol) [0x00007FF656007CC0]\n\t(No symbol) [0x00007FF656030169]\n\t(No symbol) [0x00007FF656007883]\n\t(No symbol) [0x00007FF655FD0550]\n\t(No symbol) [0x00007FF655FD1803]\n\tGetHandleVerifier [0x00007FF6564E72BD+3529853]\n\tGetHandleVerifier [0x00007FF6564FDA22+3621858]\n\tGetHandleVerifier [0x00007FF6564F24D3+3575443]\n\tGetHandleVerifier [0x00007FF65625B77A+860474]\n\t(No symbol) [0x00007FF65610088F]\n\t(No symbol) [0x00007FF6560FCBC4]\n\t(No symbol) [0x00007FF6560FCD66]\n\t(No symbol) [0x00007FF6560EC2C9]\n\tBaseThreadInitThunk [0x00007FFB5656E8D7+23]\n\tRtlUserThreadStart [0x00007FFB5789BF2C+44]\n\n","statusTrace":"  File \"C:\\Users\\Admin\\AppData\\Local\\Programs\\Python\\Python312\\Lib\\site-packages\\behave\\model.py\", line 1329, in run\n    match.run(runner.context)\n  File \"C:\\Users\\Admin\\AppData\\Local\\Programs\\Python\\Python312\\Lib\\site-packages\\behave\\matchers.py\", line 98, in run\n    self.func(context, *args, **kwargs)\n  File \"features\\steps\\steps_herokuapp.py\", line 57, in step_impl\n    assert get_login_page(context).verify_subheader() == \"Welcome to the Secure Area. When you are done click logout below.\"\n           ^^^^^^^^^^^^^^^^^^^^^^^^^^^^^^^^^^^^^^^^^^\n  File \"D:\\works_space\\selenium_bdd_python\\features\\steps\\pages\\login_page.py\", line 44, in verify_subheader\n    return self.wait.until(EC.presence_of_element_located(self.subheader)).text\n           ^^^^^^^^^^^^^^^^^^^^^^^^^^^^^^^^^^^^^^^^^^^^^^^^^^^^^^^^^^^^^^^^^^^^\n  File \"C:\\Users\\Admin\\AppData\\Local\\Programs\\Python\\Python312\\Lib\\site-packages\\selenium\\webdriver\\remote\\webelement.py\", line 109, in text\n    return self._execute(Command.GET_ELEMENT_TEXT)[\"value\"]\n           ^^^^^^^^^^^^^^^^^^^^^^^^^^^^^^^^^^^^^^^\n  File \"C:\\Users\\Admin\\AppData\\Local\\Programs\\Python\\Python312\\Lib\\site-packages\\selenium\\webdriver\\remote\\webelement.py\", line 570, in _execute\n    return self._parent.execute(command, params)\n           ^^^^^^^^^^^^^^^^^^^^^^^^^^^^^^^^^^^^^\n  File \"C:\\Users\\Admin\\AppData\\Local\\Programs\\Python\\Python312\\Lib\\site-packages\\selenium\\webdriver\\remote\\webdriver.py\", line 429, in execute\n    self.error_handler.check_response(response)\n  File \"C:\\Users\\Admin\\AppData\\Local\\Programs\\Python\\Python312\\Lib\\site-packages\\selenium\\webdriver\\remote\\errorhandler.py\", line 232, in check_response\n    raise exception_class(message, screen, stacktrace)\n","steps":[{"name":"Given Open the browser","time":{"start":1742150393179,"stop":1742150393179,"duration":0},"status":"passed","steps":[],"attachments":[],"parameters":[],"stepsCount":0,"hasContent":false,"attachmentStep":false,"attachmentsCount":0,"shouldDisplayMessage":false},{"name":"When go to practice test page herokuapp","time":{"start":1742150393179,"stop":1742150393507,"duration":328},"status":"passed","steps":[],"attachments":[],"parameters":[],"stepsCount":0,"hasContent":false,"attachmentStep":false,"attachmentsCount":0,"shouldDisplayMessage":false},{"name":"When click func Authentication","time":{"start":1742150393508,"stop":1742150394688,"duration":1180},"status":"passed","steps":[],"attachments":[],"parameters":[],"stepsCount":0,"hasContent":false,"attachmentStep":false,"attachmentsCount":0,"shouldDisplayMessage":false},{"name":"And input into the username \"tomsmith\" and password \"SuperSecretPassword!\"","time":{"start":1742150394688,"stop":1742150394812,"duration":124},"status":"passed","steps":[],"attachments":[],"parameters":[],"stepsCount":0,"hasContent":false,"attachmentStep":false,"attachmentsCount":0,"shouldDisplayMessage":false},{"name":"And enter button login","time":{"start":1742150394812,"stop":1742150394857,"duration":45},"status":"passed","steps":[],"attachments":[],"parameters":[],"stepsCount":0,"hasContent":false,"attachmentStep":false,"attachmentsCount":0,"shouldDisplayMessage":false},{"name":"Then Verify user login success","time":{"start":1742150394858,"stop":1742150395598,"duration":740},"status":"broken","statusMessage":"selenium.common.exceptions.StaleElementReferenceException: Message: stale element reference: stale element not found\n  (Session info: chrome=134.0.6998.89); For documentation on this error, please visit: https://www.selenium.dev/documentation/webdriver/troubleshooting/errors#stale-element-reference-exception\nStacktrace:\n\tGetHandleVerifier [0x00007FF65618FE45+26629]\n\t(No symbol) [0x00007FF6560F6010]\n\t(No symbol) [0x00007FF655F8931A]\n\t(No symbol) [0x00007FF655F9F424]\n\t(No symbol) [0x00007FF655F9DEF3]\n\t(No symbol) [0x00007FF655F919A9]\n\t(No symbol) [0x00007FF655F8F782]\n\t(No symbol) [0x00007FF655F93A3C]\n\t(No symbol) [0x00007FF655F93B0F]\n\t(No symbol) [0x00007FF655FD9526]\n\t(No symbol) [0x00007FF656007AAA]\n\t(No symbol) [0x00007FF655FD2156]\n\t(No symbol) [0x00007FF656007CC0]\n\t(No symbol) [0x00007FF656030169]\n\t(No symbol) [0x00007FF656007883]\n\t(No symbol) [0x00007FF655FD0550]\n\t(No symbol) [0x00007FF655FD1803]\n\tGetHandleVerifier [0x00007FF6564E72BD+3529853]\n\tGetHandleVerifier [0x00007FF6564FDA22+3621858]\n\tGetHandleVerifier [0x00007FF6564F24D3+3575443]\n\tGetHandleVerifier [0x00007FF65625B77A+860474]\n\t(No symbol) [0x00007FF65610088F]\n\t(No symbol) [0x00007FF6560FCBC4]\n\t(No symbol) [0x00007FF6560FCD66]\n\t(No symbol) [0x00007FF6560EC2C9]\n\tBaseThreadInitThunk [0x00007FFB5656E8D7+23]\n\tRtlUserThreadStart [0x00007FFB5789BF2C+44]\n\n","statusTrace":"  File \"C:\\Users\\Admin\\AppData\\Local\\Programs\\Python\\Python312\\Lib\\site-packages\\behave\\model.py\", line 1329, in run\n    match.run(runner.context)\n  File \"C:\\Users\\Admin\\AppData\\Local\\Programs\\Python\\Python312\\Lib\\site-packages\\behave\\matchers.py\", line 98, in run\n    self.func(context, *args, **kwargs)\n  File \"features\\steps\\steps_herokuapp.py\", line 57, in step_impl\n    assert get_login_page(context).verify_subheader() == \"Welcome to the Secure Area. When you are done click logout below.\"\n           ^^^^^^^^^^^^^^^^^^^^^^^^^^^^^^^^^^^^^^^^^^\n  File \"D:\\works_space\\selenium_bdd_python\\features\\steps\\pages\\login_page.py\", line 44, in verify_subheader\n    return self.wait.until(EC.presence_of_element_located(self.subheader)).text\n           ^^^^^^^^^^^^^^^^^^^^^^^^^^^^^^^^^^^^^^^^^^^^^^^^^^^^^^^^^^^^^^^^^^^^\n  File \"C:\\Users\\Admin\\AppData\\Local\\Programs\\Python\\Python312\\Lib\\site-packages\\selenium\\webdriver\\remote\\webelement.py\", line 109, in text\n    return self._execute(Command.GET_ELEMENT_TEXT)[\"value\"]\n           ^^^^^^^^^^^^^^^^^^^^^^^^^^^^^^^^^^^^^^^\n  File \"C:\\Users\\Admin\\AppData\\Local\\Programs\\Python\\Python312\\Lib\\site-packages\\selenium\\webdriver\\remote\\webelement.py\", line 570, in _execute\n    return self._parent.execute(command, params)\n           ^^^^^^^^^^^^^^^^^^^^^^^^^^^^^^^^^^^^^\n  File \"C:\\Users\\Admin\\AppData\\Local\\Programs\\Python\\Python312\\Lib\\site-packages\\selenium\\webdriver\\remote\\webdriver.py\", line 429, in execute\n    self.error_handler.check_response(response)\n  File \"C:\\Users\\Admin\\AppData\\Local\\Programs\\Python\\Python312\\Lib\\site-packages\\selenium\\webdriver\\remote\\errorhandler.py\", line 232, in check_response\n    raise exception_class(message, screen, stacktrace)\n","steps":[],"attachments":[{"uid":"ec4764087fc44b58","name":"Verify user login success","source":"ec4764087fc44b58.png","type":"image/png","size":64037}],"parameters":[],"stepsCount":0,"hasContent":true,"attachmentStep":false,"attachmentsCount":1,"shouldDisplayMessage":true}],"attachments":[],"parameters":[],"stepsCount":6,"hasContent":true,"attachmentStep":false,"attachmentsCount":1,"shouldDisplayMessage":false},"afterStages":[],"labels":[{"name":"severity","value":"normal"},{"name":"feature","value":"example feature on HerokuApp web"},{"name":"framework","value":"behave"},{"name":"language","value":"cpython3"},{"name":"resultFormat","value":"allure2"}],"parameters":[{"name":"password","value":"SuperSecretPassword!"},{"name":"username","value":"tomsmith"}],"links":[],"hidden":false,"retry":false,"extra":{"severity":"normal","retries":[{"uid":"e191f1d50182ac74","status":"passed","time":{"start":1742150044379,"stop":1742150046777,"duration":2398}},{"uid":"d146ebe822050823","status":"passed","time":{"start":1742150007607,"stop":1742150012885,"duration":5278}},{"uid":"d67200374f1ba3d","status":"passed","time":{"start":1742149950186,"stop":1742149955278,"duration":5092}}],"categories":[{"name":"Test defects","matchedStatuses":[],"flaky":false}],"tags":[]},"source":"cbfd8992500e9af3.json","parameterValues":["SuperSecretPassword!","tomsmith"]}