2025-03-13 00:27:41,845 - AutomationTest - INFO - [INFO] Starting the test suite...
2025-03-13 00:27:44,151 - AutomationTest - INFO - Running step: Open the browser
2025-03-13 00:27:44,154 - AutomationTest - INFO - Running step: go to practice test page herokuapp
2025-03-13 00:27:47,434 - AutomationTest - INFO - Running step: click a/b testing
2025-03-13 00:27:49,836 - AutomationTest - INFO - Running step: should see the title "The Internet"
2025-03-13 00:27:49,842 - AutomationTest - INFO - [PASS] Scenario 'Example scenario click into the func a/b testing' passed! Going back.
2025-03-13 00:27:49,870 - AutomationTest - INFO - [INFO] Test suite finished!
2025-03-13 00:28:55,829 - AutomationTest - INFO - [INFO] Starting the test suite...
2025-03-13 00:28:57,393 - AutomationTest - INFO - Running step: Open the browser
2025-03-13 00:28:57,394 - AutomationTest - INFO - Running step: go to practice test page herokuapp
2025-03-13 00:29:00,694 - AutomationTest - INFO - Running step: click a/b testing
2025-03-13 00:29:03,092 - AutomationTest - INFO - Running step: should see the title "The Internet"
2025-03-13 00:29:03,101 - AutomationTest - INFO - [PASS] Scenario 'Example scenario click into the func a/b testing' passed! Going back.
2025-03-13 00:29:03,171 - AutomationTest - INFO - [INFO] Test suite finished!
2025-03-13 00:34:34,379 - AutomationTest - INFO - [INFO] Starting the test suite...
2025-03-13 00:34:36,339 - AutomationTest - INFO - Running step: Open the browser
2025-03-13 00:34:36,341 - AutomationTest - INFO - Running step: go to practice test page herokuapp
2025-03-13 00:34:39,657 - AutomationTest - INFO - Running step: click a/b testing
2025-03-13 00:34:42,056 - AutomationTest - INFO - Running step: should see the title "The Internet"
2025-03-13 00:34:42,066 - AutomationTest - INFO - [PASS] Scenario 'Example scenario click into the func a/b testing' passed! Going back.
2025-03-13 00:34:42,091 - AutomationTest - INFO - [INFO] Test suite finished!
2025-03-13 00:42:20,469 - AutomationTest - INFO - [INFO] Starting the test suite...
2025-03-13 00:42:22,482 - AutomationTest - ERROR - Error initializing WebDriver: module 'allure_behave' has no attribute 'hook_impl'
2025-03-13 00:42:22,484 - AutomationTest - INFO - [INFO] Test suite finished!
2025-03-13 00:43:17,722 - AutomationTest - INFO - [INFO] Starting the test suite...
2025-03-13 00:43:24,951 - AutomationTest - INFO - [PASS] Scenario 'Example scenario click into the func a/b testing' passed! Going back.
2025-03-13 00:43:24,979 - AutomationTest - INFO - [INFO] Test suite finished!
2025-03-13 00:45:01,500 - AutomationTest - INFO - [INFO] Starting the test suite...
2025-03-13 00:45:08,447 - AutomationTest - INFO - [PASS] Scenario 'Example scenario click into the func a/b testing' passed! Going back.
2025-03-13 00:45:08,468 - AutomationTest - INFO - [INFO] Test suite finished!
2025-03-13 00:47:19,254 - AutomationTest - INFO - [INFO] Starting the test suite...
2025-03-13 00:47:21,016 - AutomationTest - INFO - Running step: Open the browser
2025-03-13 00:47:21,018 - AutomationTest - INFO - Running step: go to practice test page herokuapp
2025-03-13 00:47:24,329 - AutomationTest - INFO - Running step: click a/b testing
2025-03-13 00:47:26,718 - AutomationTest - INFO - Running step: should see the title "The Internet"
2025-03-13 00:47:26,729 - AutomationTest - INFO - [PASS] Scenario 'Example scenario click into the func a/b testing' passed! Going back.
2025-03-13 00:47:26,748 - AutomationTest - INFO - [INFO] Test suite finished!
2025-03-13 00:57:33,366 - AutomationTest - INFO - [INFO] Starting the test suite...
2025-03-13 00:57:34,926 - AutomationTest - INFO - Running step: Open the browser
2025-03-13 00:57:34,929 - AutomationTest - INFO - Running step: go to practice test page herokuapp
2025-03-13 00:57:38,155 - AutomationTest - INFO - Running step: click a/b testing
2025-03-13 00:57:40,538 - AutomationTest - INFO - Running step: should see the title "The Internet"
2025-03-13 00:57:40,549 - AutomationTest - INFO - [PASS] Scenario 'Example scenario click into the func a/b testing' passed! Going back.
2025-03-13 00:57:40,567 - AutomationTest - INFO - [INFO] Test suite finished!
2025-03-13 00:58:20,004 - AutomationTest - INFO - [INFO] Starting the test suite...
2025-03-13 00:58:21,498 - AutomationTest - INFO - Running step: Open the browser
2025-03-13 00:58:21,501 - AutomationTest - INFO - Running step: go to practice test page herokuapp
2025-03-13 00:58:24,694 - AutomationTest - INFO - Running step: click a/b testing
2025-03-13 00:58:27,077 - AutomationTest - INFO - Running step: should see the title "The Internet"
2025-03-13 00:58:27,090 - AutomationTest - INFO - [PASS] Scenario 'Example scenario click into the func a/b testing' passed! Going back.
2025-03-13 00:58:27,109 - AutomationTest - INFO - [INFO] Test suite finished!
2025-03-13 00:59:49,756 - AutomationTest - INFO - [INFO] Starting the test suite...
2025-03-13 00:59:51,302 - AutomationTest - INFO - Running step: Open the browser
2025-03-13 00:59:51,304 - AutomationTest - INFO - Running step: go to practice test page herokuapp
2025-03-13 00:59:54,323 - AutomationTest - INFO - Running step: click a/b testing
2025-03-13 00:59:56,728 - AutomationTest - INFO - Running step: should see the title "The Internet"
2025-03-13 00:59:56,738 - AutomationTest - INFO - [PASS] Scenario 'Example scenario click into the func a/b testing' passed! Going back.
2025-03-13 00:59:56,758 - AutomationTest - INFO - [INFO] Test suite finished!
2025-03-16 22:58:48,057 - AutomationTest - INFO - [INFO] Starting the test suite...
2025-03-16 22:58:59,851 - AutomationTest - INFO - Running step: Open the browser
2025-03-16 22:58:59,854 - AutomationTest - INFO - Running step: go to practice test page herokuapp
2025-03-16 22:59:03,214 - AutomationTest - INFO - Running step: click a/b testing
2025-03-16 22:59:05,615 - AutomationTest - INFO - Running step: should see the title "The Internet"
2025-03-16 22:59:05,663 - AutomationTest - INFO - [PASS] Scenario 'Example scenario click into the func a/b testing' passed! Going back.
2025-03-16 22:59:05,690 - AutomationTest - INFO - [INFO] Test suite finished!
2025-03-16 23:00:59,104 - AutomationTest - INFO - [INFO] Starting the test suite...
2025-03-16 23:01:00,714 - AutomationTest - INFO - Running step: Open the browser
2025-03-16 23:01:00,716 - AutomationTest - INFO - Running step: go to practice test page herokuapp
2025-03-16 23:01:03,471 - AutomationTest - INFO - Running step: click a/b testing
2025-03-16 23:01:05,853 - AutomationTest - INFO - Running step: should see the title "The Internet"
2025-03-16 23:01:05,858 - AutomationTest - INFO - [PASS] Scenario 'Example scenario click into the func a/b testing' passed! Going back.
2025-03-16 23:01:05,887 - AutomationTest - INFO - [INFO] Test suite finished!
2025-03-16 23:05:58,244 - AutomationTest - INFO - [INFO] Starting the test suite...
2025-03-16 23:05:59,816 - AutomationTest - INFO - ✅ Allure results will be saved at: reports/allure-results
2025-03-16 23:05:59,819 - AutomationTest - INFO - Running step: Open the browser
2025-03-16 23:05:59,820 - AutomationTest - INFO - Running step: go to practice test page herokuapp
2025-03-16 23:06:03,092 - AutomationTest - INFO - Running step: click a/b testing
2025-03-16 23:06:05,477 - AutomationTest - INFO - Running step: should see the title "The Internet"
2025-03-16 23:06:05,482 - AutomationTest - INFO - [PASS] Scenario 'Example scenario click into the func a/b testing' passed! Going back.
2025-03-16 23:06:05,510 - AutomationTest - INFO - [INFO] Test suite finished!
2025-03-16 23:16:53,353 - AutomationTest - INFO - [INFO] Starting the test suite...
2025-03-16 23:16:55,007 - AutomationTest - INFO - ✅ Allure results will be saved at: reports/allure-results
2025-03-16 23:16:55,010 - AutomationTest - INFO - Running step: Open the browser
2025-03-16 23:16:55,010 - AutomationTest - INFO - Running step: go to practice test page herokuapp
2025-03-16 23:16:58,256 - AutomationTest - INFO - Running step: click a/b testing
2025-03-16 23:17:00,640 - AutomationTest - INFO - Running step: should see the title "The Internet"
2025-03-16 23:17:00,651 - AutomationTest - INFO - [PASS] Scenario 'Example scenario click into the func a/b testing' passed! Going back.
2025-03-16 23:17:00,669 - AutomationTest - INFO - [INFO] Test suite finished!
2025-03-16 23:39:12,483 - AutomationTest - INFO - [INFO] Starting the test suite...
2025-03-16 23:39:14,596 - AutomationTest - INFO - ✅ Allure results will be saved at: reports/allure-results
2025-03-16 23:39:14,603 - AutomationTest - INFO - Running step: Open the browser
2025-03-16 23:39:14,610 - AutomationTest - INFO - Running step: go to practice test page herokuapp
2025-03-16 23:39:17,975 - AutomationTest - INFO - Running step: click a/b testing
2025-03-16 23:39:20,391 - AutomationTest - INFO - Running step: should see the title "The Internet"
2025-03-16 23:39:20,397 - AutomationTest - INFO - [PASS] Scenario 'Example scenario click into the func a/b testing' passed! Going back.
2025-03-16 23:39:20,420 - AutomationTest - INFO - [INFO] Test suite finished!
2025-03-17 00:33:17,049 - AutomationTest - INFO - [INFO] Starting the test suite...
2025-03-17 00:33:19,439 - AutomationTest - INFO - ✅ Allure results will be saved at: reports/allure-results
2025-03-17 00:33:19,444 - AutomationTest - INFO - Running step: Open the browser
2025-03-17 00:33:19,445 - AutomationTest - INFO - Running step: go to practice test page herokuapp
2025-03-17 00:33:23,229 - AutomationTest - INFO - Running step: click a/b testing
2025-03-17 00:33:25,632 - AutomationTest - INFO - Running step: should see the title "The Internet"
2025-03-17 00:33:25,673 - AutomationTest - INFO - [PASS] Scenario 'Example scenario click into the func a/b testing' passed! Going back.
2025-03-17 00:33:25,694 - AutomationTest - INFO - [INFO] Test suite finished!
2025-03-17 00:37:32,209 - AutomationTest - INFO - [INFO] Starting the test suite...
2025-03-17 00:37:33,895 - AutomationTest - INFO - ✅ Allure results will be saved at: reports/allure-results
2025-03-17 00:37:33,902 - AutomationTest - INFO - Running step: Open the browser
2025-03-17 00:37:33,904 - AutomationTest - INFO - Running step: go to practice test page herokuapp
2025-03-17 00:37:37,192 - AutomationTest - INFO - Running step: click a/b testing
2025-03-17 00:37:39,593 - AutomationTest - INFO - Running step: should see the title "The Internet"
2025-03-17 00:37:39,598 - AutomationTest - INFO - [PASS] Scenario 'Example scenario click into the func a/b testing' passed! Going back.
2025-03-17 00:37:39,627 - AutomationTest - INFO - [INFO] Test suite finished!
2025-03-17 00:38:12,014 - AutomationTest - INFO - [INFO] Starting the test suite...
2025-03-17 00:38:13,622 - AutomationTest - INFO - ✅ Allure results will be saved at: reports/allure-results
2025-03-17 00:38:13,623 - AutomationTest - INFO - Running step: Open the browser
2025-03-17 00:38:13,624 - AutomationTest - INFO - Running step: go to practice test page herokuapp
2025-03-17 00:38:16,831 - AutomationTest - INFO - Running step: click a/b testing
2025-03-17 00:38:19,211 - AutomationTest - INFO - Running step: should see the title "The Internet"
2025-03-17 00:38:19,215 - AutomationTest - INFO - [PASS] Scenario 'Example scenario click into the func a/b testing' passed! Going back.
2025-03-17 00:38:19,291 - AutomationTest - INFO - Running step: Open the browser
2025-03-17 00:38:19,292 - AutomationTest - INFO - Running step: go to practice test page herokuapp
2025-03-17 00:38:19,589 - AutomationTest - INFO - Running step: Click to verify basic functionality
2025-03-17 00:38:19,977 - AutomationTest - INFO - Running step: input username "admin" and password "admin"
2025-03-17 00:38:20,585 - AutomationTest - INFO - Running step: Verify the authentication process
2025-03-17 00:38:20,622 - AutomationTest - INFO - [PASS] Scenario 'test basic authentication' passed! Going back.
2025-03-17 00:38:20,678 - AutomationTest - INFO - Running step: Open the browser
2025-03-17 00:38:20,679 - AutomationTest - INFO - Running step: go to practice test page herokuapp
2025-03-17 00:38:20,995 - AutomationTest - INFO - Running step: click func Authentication
2025-03-17 00:38:22,171 - AutomationTest - INFO - Running step: input into the username "tomsmith" and password "SuperSecretPassword!"
2025-03-17 00:38:22,300 - AutomationTest - INFO - Running step: enter button login
2025-03-17 00:38:22,354 - AutomationTest - INFO - Running step: Verify user login success
2025-03-17 00:38:23,249 - AutomationTest - ERROR - [ERROR] Scenario 'Click to the func Authentication -- @1.1 ' failed!
2025-03-17 00:38:23,253 - AutomationTest - INFO - Running step: Open the browser
2025-03-17 00:38:23,254 - AutomationTest - INFO - Running step: go to practice test page herokuapp
2025-03-17 00:38:23,560 - AutomationTest - INFO - Running step: click func Authentication
2025-03-17 00:38:23,946 - AutomationTest - INFO - Running step: input into the username "admin123" and password "admin"
2025-03-17 00:38:24,075 - AutomationTest - INFO - Running step: enter button login
2025-03-17 00:38:24,138 - AutomationTest - INFO - Running step: Verify user login success
2025-03-17 00:38:24,986 - AutomationTest - ERROR - [ERROR] Scenario 'Click to the func Authentication -- @1.2 ' failed!
2025-03-17 00:38:24,988 - AutomationTest - INFO - [INFO] Test suite finished!
2025-03-17 00:44:25,995 - AutomationTest - INFO - [INFO] Starting the test suite...
2025-03-17 00:44:27,912 - AutomationTest - INFO - ✅ Allure results will be saved at: reports/allure-results
2025-03-17 00:44:27,918 - AutomationTest - INFO - Running step: Open the browser
2025-03-17 00:44:27,919 - AutomationTest - INFO - Running step: go to practice test page herokuapp
2025-03-17 00:44:31,580 - AutomationTest - INFO - Running step: click func Authentication
2025-03-17 00:44:32,236 - AutomationTest - INFO - Running step: input into the username "tomsmith" and password "SuperSecretPassword!"
2025-03-17 00:44:32,345 - AutomationTest - INFO - Running step: enter button login
2025-03-17 00:44:32,394 - AutomationTest - INFO - Running step: Verify user login success
2025-03-17 00:44:33,528 - AutomationTest - INFO - [PASS] Scenario 'Click to the func Authentication -- @1.1 ' passed! Going back.
2025-03-17 00:44:33,544 - AutomationTest - INFO - Running step: Open the browser
2025-03-17 00:44:33,547 - AutomationTest - INFO - Running step: go to practice test page herokuapp
2025-03-17 00:44:33,864 - AutomationTest - INFO - Running step: click func Authentication
2025-03-17 00:44:34,221 - AutomationTest - INFO - Running step: input into the username "admin123" and password "admin"
2025-03-17 00:44:34,324 - AutomationTest - INFO - Running step: enter button login
2025-03-17 00:44:34,363 - AutomationTest - INFO - Running step: Verify user login success
2025-03-17 00:44:35,088 - AutomationTest - ERROR - [ERROR] Scenario 'Click to the func Authentication -- @1.2 ' failed!
2025-03-17 00:44:35,090 - AutomationTest - INFO - [INFO] Test suite finished!
2025-03-17 00:45:07,634 - AutomationTest - INFO - [INFO] Starting the test suite...
2025-03-17 00:45:09,136 - AutomationTest - INFO - ✅ Allure results will be saved at: reports/allure-results
2025-03-17 00:45:09,140 - AutomationTest - INFO - Running step: Open the browser
2025-03-17 00:45:09,141 - AutomationTest - INFO - Running step: go to practice test page herokuapp
2025-03-17 00:45:12,427 - AutomationTest - INFO - Running step: click a/b testing
2025-03-17 00:45:14,820 - AutomationTest - INFO - Running step: should see the title "The Internet"
2025-03-17 00:45:14,826 - AutomationTest - INFO - [PASS] Scenario 'Example scenario click into the func a/b testing' passed! Going back.
2025-03-17 00:45:14,848 - AutomationTest - INFO - Running step: Open the browser
2025-03-17 00:45:14,848 - AutomationTest - INFO - Running step: go to practice test page herokuapp
2025-03-17 00:45:15,156 - AutomationTest - INFO - Running step: Click to verify basic functionality
2025-03-17 00:45:15,530 - AutomationTest - INFO - Running step: input username "admin" and password "admin"
2025-03-17 00:45:16,143 - AutomationTest - INFO - Running step: Verify the authentication process
2025-03-17 00:45:16,164 - AutomationTest - INFO - [PASS] Scenario 'test basic authentication' passed! Going back.
2025-03-17 00:45:16,213 - AutomationTest - INFO - Running step: Open the browser
2025-03-17 00:45:16,214 - AutomationTest - INFO - Running step: go to practice test page herokuapp
2025-03-17 00:45:16,543 - AutomationTest - INFO - Running step: click func Authentication
2025-03-17 00:45:17,730 - AutomationTest - INFO - Running step: input into the username "tomsmith" and password "SuperSecretPassword!"
2025-03-17 00:45:17,861 - AutomationTest - INFO - Running step: enter button login
2025-03-17 00:45:17,912 - AutomationTest - INFO - Running step: Verify user login success
2025-03-17 00:45:18,645 - AutomationTest - ERROR - [ERROR] Scenario 'Click to the func Authentication -- @1.1 ' failed!
2025-03-17 00:45:18,649 - AutomationTest - INFO - Running step: Open the browser
2025-03-17 00:45:18,650 - AutomationTest - INFO - Running step: go to practice test page herokuapp
2025-03-17 00:45:18,971 - AutomationTest - INFO - Running step: click func Authentication
2025-03-17 00:45:19,344 - AutomationTest - INFO - Running step: input into the username "admin123" and password "admin"
2025-03-17 00:45:19,480 - AutomationTest - INFO - Running step: enter button login
2025-03-17 00:45:19,534 - AutomationTest - INFO - Running step: Verify user login success
2025-03-17 00:45:20,256 - AutomationTest - ERROR - [ERROR] Scenario 'Click to the func Authentication -- @1.2 ' failed!
2025-03-17 00:45:20,259 - AutomationTest - INFO - [INFO] Test suite finished!
2025-03-17 00:46:11,626 - AutomationTest - INFO - [INFO] Starting the test suite...
2025-03-17 00:46:13,239 - AutomationTest - INFO - ✅ Allure results will be saved at: reports/allure-results
2025-03-17 00:46:13,242 - AutomationTest - INFO - Running step: Open the browser
2025-03-17 00:46:13,242 - AutomationTest - INFO - Running step: go to practice test page herokuapp
2025-03-17 00:46:16,549 - AutomationTest - INFO - Running step: click a/b testing
2025-03-17 00:46:18,939 - AutomationTest - INFO - Running step: should see the title "The Internet"
2025-03-17 00:46:18,952 - AutomationTest - INFO - [PASS] Scenario 'Example scenario click into the func a/b testing' passed! Going back.
2025-03-17 00:46:18,976 - AutomationTest - INFO - Running step: Open the browser
2025-03-17 00:46:18,979 - AutomationTest - INFO - Running step: go to practice test page herokuapp
2025-03-17 00:46:19,283 - AutomationTest - INFO - Running step: Click to verify basic functionality
2025-03-17 00:46:19,653 - AutomationTest - INFO - Running step: input username "admin" and password "admin"
2025-03-17 00:46:20,284 - AutomationTest - INFO - Running step: Verify the authentication process
2025-03-17 00:46:20,308 - AutomationTest - INFO - [PASS] Scenario 'test basic authentication' passed! Going back.
2025-03-17 00:46:20,349 - AutomationTest - INFO - Running step: Open the browser
2025-03-17 00:46:20,350 - AutomationTest - INFO - Running step: go to practice test page herokuapp
2025-03-17 00:46:20,678 - AutomationTest - INFO - Running step: click func Authentication
2025-03-17 00:46:21,874 - AutomationTest - INFO - Running step: input into the username "tomsmith" and password "SuperSecretPassword!"
2025-03-17 00:46:21,992 - AutomationTest - INFO - Running step: enter button login
2025-03-17 00:46:22,648 - AutomationTest - INFO - Running step: Verify user login success
2025-03-17 00:46:22,666 - AutomationTest - INFO - [PASS] Scenario 'Click to the func Authentication -- @1.1 ' passed! Going back.
2025-03-17 00:46:22,687 - AutomationTest - INFO - Running step: Open the browser
2025-03-17 00:46:22,688 - AutomationTest - INFO - Running step: go to practice test page herokuapp
2025-03-17 00:46:23,007 - AutomationTest - INFO - Running step: click func Authentication
2025-03-17 00:46:23,382 - AutomationTest - INFO - Running step: input into the username "admin123" and password "admin"
2025-03-17 00:46:23,509 - AutomationTest - INFO - Running step: enter button login
2025-03-17 00:46:23,594 - AutomationTest - INFO - Running step: Verify user login success
2025-03-17 00:46:24,318 - AutomationTest - ERROR - [ERROR] Scenario 'Click to the func Authentication -- @1.2 ' failed!
2025-03-17 00:46:24,321 - AutomationTest - INFO - [INFO] Test suite finished!
2025-03-17 00:52:06,783 - AutomationTest - INFO - [INFO] Starting the test suite...
2025-03-17 00:52:08,322 - AutomationTest - INFO - ✅ Allure results will be saved at: reports\test-results\2025-03-17
2025-03-17 00:52:08,324 - AutomationTest - INFO - Running step: Open the browser
2025-03-17 00:52:08,326 - AutomationTest - INFO - Running step: go to practice test page herokuapp
2025-03-17 00:52:11,647 - AutomationTest - INFO - Running step: click a/b testing
2025-03-17 00:52:14,037 - AutomationTest - INFO - Running step: should see the title "The Internet"
2025-03-17 00:52:14,047 - AutomationTest - INFO - [PASS] Scenario 'Example scenario click into the func a/b testing' passed! Going back.
2025-03-17 00:52:14,070 - AutomationTest - INFO - Running step: Open the browser
2025-03-17 00:52:14,072 - AutomationTest - INFO - Running step: go to practice test page herokuapp
2025-03-17 00:52:14,386 - AutomationTest - INFO - Running step: Click to verify basic functionality
2025-03-17 00:52:14,764 - AutomationTest - INFO - Running step: input username "admin" and password "admin"
2025-03-17 00:52:15,392 - AutomationTest - INFO - Running step: Verify the authentication process
2025-03-17 00:52:15,416 - AutomationTest - INFO - [PASS] Scenario 'test basic authentication' passed! Going back.
2025-03-17 00:52:15,462 - AutomationTest - INFO - Running step: Open the browser
2025-03-17 00:52:15,463 - AutomationTest - INFO - Running step: go to practice test page herokuapp
2025-03-17 00:52:15,779 - AutomationTest - INFO - Running step: click func Authentication
2025-03-17 00:52:16,982 - AutomationTest - INFO - Running step: input into the username "tomsmith" and password "SuperSecretPassword!"
2025-03-17 00:52:17,085 - AutomationTest - INFO - Running step: enter button login
2025-03-17 00:52:17,135 - AutomationTest - INFO - Running step: Verify user login success
2025-03-17 00:52:17,766 - AutomationTest - INFO - [PASS] Scenario 'Click to the func Authentication -- @1.1 ' passed! Going back.
2025-03-17 00:52:17,785 - AutomationTest - INFO - Running step: Open the browser
2025-03-17 00:52:17,785 - AutomationTest - INFO - Running step: go to practice test page herokuapp
2025-03-17 00:52:18,109 - AutomationTest - INFO - Running step: click func Authentication
2025-03-17 00:52:18,496 - AutomationTest - INFO - Running step: input into the username "admin123" and password "admin"
2025-03-17 00:52:18,593 - AutomationTest - INFO - Running step: enter button login
2025-03-17 00:52:18,662 - AutomationTest - INFO - Running step: Verify user login success
2025-03-17 00:52:19,400 - AutomationTest - ERROR - [ERROR] Scenario 'Click to the func Authentication -- @1.2 ' failed!
2025-03-17 00:52:19,402 - AutomationTest - INFO - [INFO] Test suite finished!
2025-03-17 00:53:54,020 - AutomationTest - INFO - [INFO] Starting the test suite...
2025-03-17 00:53:55,641 - AutomationTest - INFO - ✅ Allure results will be saved at: reports\allure-results\2025-03-17
2025-03-17 00:53:55,645 - AutomationTest - INFO - Running step: Open the browser
2025-03-17 00:53:55,646 - AutomationTest - INFO - Running step: go to practice test page herokuapp
2025-03-17 00:53:59,034 - AutomationTest - INFO - Running step: click a/b testing
2025-03-17 00:54:01,417 - AutomationTest - INFO - Running step: should see the title "The Internet"
2025-03-17 00:54:01,429 - AutomationTest - INFO - [PASS] Scenario 'Example scenario click into the func a/b testing' passed! Going back.
2025-03-17 00:54:01,451 - AutomationTest - INFO - Running step: Open the browser
2025-03-17 00:54:01,454 - AutomationTest - INFO - Running step: go to practice test page herokuapp
2025-03-17 00:54:01,768 - AutomationTest - INFO - Running step: Click to verify basic functionality
2025-03-17 00:54:02,147 - AutomationTest - INFO - Running step: input username "admin" and password "admin"
2025-03-17 00:54:02,778 - AutomationTest - INFO - Running step: Verify the authentication process
2025-03-17 00:54:02,800 - AutomationTest - INFO - [PASS] Scenario 'test basic authentication' passed! Going back.
2025-03-17 00:54:02,843 - AutomationTest - INFO - Running step: Open the browser
2025-03-17 00:54:02,844 - AutomationTest - INFO - Running step: go to practice test page herokuapp
2025-03-17 00:54:03,181 - AutomationTest - INFO - Running step: click func Authentication
2025-03-17 00:54:04,428 - AutomationTest - INFO - Running step: input into the username "tomsmith" and password "SuperSecretPassword!"
2025-03-17 00:54:04,544 - AutomationTest - INFO - Running step: enter button login
2025-03-17 00:54:05,218 - AutomationTest - INFO - Running step: Verify user login success
2025-03-17 00:54:05,234 - AutomationTest - INFO - [PASS] Scenario 'Click to the func Authentication -- @1.1 ' passed! Going back.
2025-03-17 00:54:05,255 - AutomationTest - INFO - Running step: Open the browser
2025-03-17 00:54:05,256 - AutomationTest - INFO - Running step: go to practice test page herokuapp
2025-03-17 00:54:05,576 - AutomationTest - INFO - Running step: click func Authentication
2025-03-17 00:54:05,985 - AutomationTest - INFO - Running step: input into the username "admin123" and password "admin"
2025-03-17 00:54:06,073 - AutomationTest - INFO - Running step: enter button login
2025-03-17 00:54:06,117 - AutomationTest - INFO - Running step: Verify user login success
2025-03-17 00:54:06,878 - AutomationTest - ERROR - [ERROR] Scenario 'Click to the func Authentication -- @1.2 ' failed!
2025-03-17 00:54:06,883 - AutomationTest - INFO - [INFO] Test suite finished!
2025-03-17 00:55:41,770 - AutomationTest - INFO - [INFO] Starting the test suite...
2025-03-17 00:55:43,484 - AutomationTest - INFO - ✅ Allure results will be saved at: reports/allure-results
2025-03-17 00:55:43,486 - AutomationTest - INFO - Running step: Open the browser
2025-03-17 00:55:43,488 - AutomationTest - INFO - Running step: go to practice test page herokuapp
2025-03-17 00:55:46,812 - AutomationTest - INFO - Running step: click a/b testing
2025-03-17 00:55:49,204 - AutomationTest - INFO - Running step: should see the title "The Internet"
2025-03-17 00:55:49,218 - AutomationTest - INFO - [PASS] Scenario 'Example scenario click into the func a/b testing' passed! Going back.
2025-03-17 00:55:49,237 - AutomationTest - INFO - Running step: Open the browser
2025-03-17 00:55:49,238 - AutomationTest - INFO - Running step: go to practice test page herokuapp
2025-03-17 00:55:49,543 - AutomationTest - INFO - Running step: Click to verify basic functionality
2025-03-17 00:55:49,909 - AutomationTest - INFO - Running step: input username "admin" and password "admin"
2025-03-17 00:55:50,532 - AutomationTest - INFO - Running step: Verify the authentication process
2025-03-17 00:55:50,559 - AutomationTest - INFO - [PASS] Scenario 'test basic authentication' passed! Going back.
2025-03-17 00:55:50,601 - AutomationTest - INFO - Running step: Open the browser
2025-03-17 00:55:50,601 - AutomationTest - INFO - Running step: go to practice test page herokuapp
2025-03-17 00:55:50,927 - AutomationTest - INFO - Running step: click func Authentication
2025-03-17 00:55:52,180 - AutomationTest - INFO - Running step: input into the username "tomsmith" and password "SuperSecretPassword!"
2025-03-17 00:55:52,299 - AutomationTest - INFO - Running step: enter button login
2025-03-17 00:55:52,347 - AutomationTest - INFO - Running step: Verify user login success
2025-03-17 00:55:53,091 - AutomationTest - ERROR - [ERROR] Scenario 'Click to the func Authentication -- @1.1 ' failed!
2025-03-17 00:55:53,094 - AutomationTest - INFO - Running step: Open the browser
2025-03-17 00:55:53,096 - AutomationTest - INFO - Running step: go to practice test page herokuapp
2025-03-17 00:55:53,412 - AutomationTest - INFO - Running step: click func Authentication
2025-03-17 00:55:53,795 - AutomationTest - INFO - Running step: input into the username "admin123" and password "admin"
2025-03-17 00:55:53,920 - AutomationTest - INFO - Running step: enter button login
2025-03-17 00:55:53,979 - AutomationTest - INFO - Running step: Verify user login success
2025-03-17 00:55:54,707 - AutomationTest - ERROR - [ERROR] Scenario 'Click to the func Authentication -- @1.2 ' failed!
2025-03-17 00:55:54,709 - AutomationTest - INFO - [INFO] Test suite finished!
2025-03-17 01:00:14,280 - AutomationTest - INFO - [INFO] Starting the test suite...
2025-03-17 01:00:15,947 - AutomationTest - INFO - ✅ Allure results will be saved at: reports/allure-results
2025-03-17 01:00:15,952 - AutomationTest - INFO - Running step: Open the browser
2025-03-17 01:00:15,954 - AutomationTest - ERROR - [ERROR] Scenario 'Example scenario click into the func a/b testing' failed!
2025-03-17 01:00:15,960 - AutomationTest - INFO - Running step: Open the browser
2025-03-17 01:00:15,965 - AutomationTest - ERROR - [ERROR] Scenario 'test basic authentication' failed!
2025-03-17 01:00:15,969 - AutomationTest - INFO - Running step: Open the browser
2025-03-17 01:00:15,971 - AutomationTest - ERROR - [ERROR] Scenario 'Click to the func Authentication -- @1.1 ' failed!
2025-03-17 01:00:15,975 - AutomationTest - INFO - Running step: Open the browser
2025-03-17 01:00:15,976 - AutomationTest - ERROR - [ERROR] Scenario 'Click to the func Authentication -- @1.2 ' failed!
2025-03-17 01:00:15,978 - AutomationTest - INFO - [INFO] Test suite finished!
2025-03-17 01:00:39,250 - AutomationTest - INFO - [INFO] Starting the test suite...
2025-03-17 01:00:40,879 - AutomationTest - INFO - ✅ Allure results will be saved at: reports/allure-results
2025-03-17 01:00:40,882 - AutomationTest - INFO - Running step: Open the browser
2025-03-17 01:00:40,886 - AutomationTest - ERROR - [ERROR] Scenario 'Example scenario click into the func a/b testing' failed!
2025-03-17 01:00:40,891 - AutomationTest - INFO - Running step: Open the browser
2025-03-17 01:00:40,893 - AutomationTest - ERROR - [ERROR] Scenario 'test basic authentication' failed!
2025-03-17 01:00:40,895 - AutomationTest - INFO - Running step: Open the browser
2025-03-17 01:00:40,896 - AutomationTest - ERROR - [ERROR] Scenario 'Click to the func Authentication -- @1.1 ' failed!
2025-03-17 01:00:40,901 - AutomationTest - INFO - Running step: Open the browser
2025-03-17 01:00:40,905 - AutomationTest - ERROR - [ERROR] Scenario 'Click to the func Authentication -- @1.2 ' failed!
2025-03-17 01:00:40,910 - AutomationTest - INFO - [INFO] Test suite finished!
2025-03-17 01:03:33,747 - AutomationTest - INFO - [INFO] Starting the test suite...
2025-03-17 01:03:35,565 - AutomationTest - INFO - ✅ Allure results will be saved at: reports/allure-results
2025-03-17 01:03:35,568 - AutomationTest - INFO - Running step: Open the browser
2025-03-17 01:03:35,573 - AutomationTest - INFO - Running step: go to practice test page herokuapp
2025-03-17 01:03:38,831 - AutomationTest - INFO - Running step: click a/b testing
2025-03-17 01:03:41,211 - AutomationTest - INFO - Running step: should see the title "The Internet"
2025-03-17 01:03:41,223 - AutomationTest - INFO - [PASS] Scenario 'Example scenario click into the func a/b testing' passed! Going back.
2025-03-17 01:03:41,244 - AutomationTest - INFO - [INFO] Test suite finished!
2025-03-17 01:04:21,791 - AutomationTest - INFO - [INFO] Starting the test suite...
2025-03-17 01:04:23,456 - AutomationTest - INFO - ✅ Allure results will be saved at: reports/allure-results
2025-03-17 01:04:23,457 - AutomationTest - INFO - Running step: Open the browser
2025-03-17 01:04:23,458 - AutomationTest - INFO - Running step: go to practice test page herokuapp
2025-03-17 01:04:26,796 - AutomationTest - INFO - Running step: click a/b testing
2025-03-17 01:04:29,203 - AutomationTest - INFO - Running step: should see the title "The Internet"
2025-03-17 01:04:29,216 - AutomationTest - INFO - [PASS] Scenario 'Example scenario click into the func a/b testing' passed! Going back.
2025-03-17 01:04:29,238 - AutomationTest - INFO - [INFO] Test suite finished!
2025-03-17 01:04:48,043 - AutomationTest - INFO - [INFO] Starting the test suite...
2025-03-17 01:04:49,640 - AutomationTest - INFO - ✅ Allure results will be saved at: reports/allure-results
2025-03-17 01:04:49,643 - AutomationTest - INFO - Running step: Open the browser
2025-03-17 01:04:49,643 - AutomationTest - INFO - Running step: go to practice test page herokuapp
2025-03-17 01:04:52,930 - AutomationTest - INFO - Running step: click a/b testing
2025-03-17 01:04:55,309 - AutomationTest - INFO - Running step: should see the title "The Internet"
2025-03-17 01:04:55,322 - AutomationTest - INFO - [PASS] Scenario 'Example scenario click into the func a/b testing' passed! Going back.
2025-03-17 01:04:55,344 - AutomationTest - INFO - Running step: Open the browser
2025-03-17 01:04:55,347 - AutomationTest - INFO - Running step: go to practice test page herokuapp
2025-03-17 01:04:56,165 - AutomationTest - INFO - Running step: click func Authentication
2025-03-17 01:04:57,360 - AutomationTest - INFO - Running step: input into the username "tomsmith" and password "SuperSecretPassword!"
2025-03-17 01:04:57,488 - AutomationTest - INFO - Running step: enter button login
2025-03-17 01:04:57,538 - AutomationTest - INFO - Running step: Verify user login success
2025-03-17 01:04:58,169 - AutomationTest - INFO - [PASS] Scenario 'Click to the func Authentication -- @1.1 ' passed! Going back.
2025-03-17 01:04:58,192 - AutomationTest - INFO - Running step: Open the browser
2025-03-17 01:04:58,196 - AutomationTest - INFO - Running step: go to practice test page herokuapp
2025-03-17 01:04:58,516 - AutomationTest - INFO - Running step: click func Authentication
2025-03-17 01:04:58,878 - AutomationTest - INFO - Running step: input into the username "admin123" and password "admin"
2025-03-17 01:04:58,979 - AutomationTest - INFO - Running step: enter button login
2025-03-17 01:04:59,021 - AutomationTest - INFO - Running step: Verify user login success
2025-03-17 01:04:59,772 - AutomationTest - ERROR - [ERROR] Scenario 'Click to the func Authentication -- @1.2 ' failed!
2025-03-17 01:04:59,774 - AutomationTest - INFO - [INFO] Test suite finished!
2025-03-17 01:06:52,665 - AutomationTest - INFO - [INFO] Starting the test suite...
2025-03-17 01:06:54,217 - AutomationTest - INFO - ✅ Allure results will be saved at: reports/allure-results
2025-03-17 01:06:54,224 - AutomationTest - INFO - Running step: Open the browser
2025-03-17 01:06:54,227 - AutomationTest - INFO - Running step: go to practice test page herokuapp
2025-03-17 01:06:57,528 - AutomationTest - INFO - Running step: click a/b testing
2025-03-17 01:06:59,906 - AutomationTest - INFO - Running step: should see the title "The Internet"
2025-03-17 01:06:59,915 - AutomationTest - INFO - [PASS] Scenario 'Example scenario click into the func a/b testing' passed! Going back.
2025-03-17 01:06:59,937 - AutomationTest - INFO - Running step: Open the browser
2025-03-17 01:06:59,938 - AutomationTest - INFO - Running step: go to practice test page herokuapp
2025-03-17 01:07:00,246 - AutomationTest - INFO - Running step: click func Authentication
2025-03-17 01:07:01,405 - AutomationTest - INFO - Running step: input into the username "tomsmith" and password "SuperSecretPassword!"
2025-03-17 01:07:01,512 - AutomationTest - INFO - Running step: enter button login
2025-03-17 01:07:01,573 - AutomationTest - INFO - Running step: Verify user login success
2025-03-17 01:07:02,186 - AutomationTest - INFO - [PASS] Scenario 'Click to the func Authentication -- @1.1 ' passed! Going back.
2025-03-17 01:07:02,205 - AutomationTest - INFO - Running step: Open the browser
2025-03-17 01:07:02,205 - AutomationTest - INFO - Running step: go to practice test page herokuapp
2025-03-17 01:07:02,521 - AutomationTest - INFO - Running step: click func Authentication
2025-03-17 01:07:02,876 - AutomationTest - INFO - Running step: input into the username "admin123" and password "admin"
2025-03-17 01:07:02,968 - AutomationTest - INFO - Running step: enter button login
2025-03-17 01:07:03,032 - AutomationTest - INFO - Running step: Verify user login success
2025-03-17 01:07:03,768 - AutomationTest - ERROR - [ERROR] Scenario 'Click to the func Authentication -- @1.2 ' failed!
2025-03-17 01:07:03,770 - AutomationTest - INFO - [INFO] Test suite finished!
2025-03-17 01:08:42,721 - AutomationTest - INFO - [INFO] Starting the test suite...
2025-03-17 01:08:44,363 - AutomationTest - INFO - ✅ Allure results will be saved at: reports/allure-results
2025-03-17 01:08:44,365 - AutomationTest - INFO - Running step: Open the browser
2025-03-17 01:08:44,366 - AutomationTest - INFO - Running step: go to practice test page herokuapp
2025-03-17 01:08:47,647 - AutomationTest - INFO - Running step: click func Authentication
2025-03-17 01:08:48,586 - AutomationTest - INFO - Running step: input into the username "tomsmith" and password "SuperSecretPassword!"
2025-03-17 01:08:48,711 - AutomationTest - INFO - Running step: enter button login
2025-03-17 01:08:48,787 - AutomationTest - INFO - Running step: Verify user login success
2025-03-17 01:08:49,913 - AutomationTest - INFO - [PASS] Scenario 'Click to the func Authentication -- @1.1 ' passed! Going back.
2025-03-17 01:08:49,931 - AutomationTest - INFO - Running step: Open the browser
2025-03-17 01:08:49,934 - AutomationTest - INFO - Running step: go to practice test page herokuapp
2025-03-17 01:08:50,249 - AutomationTest - INFO - Running step: click func Authentication
2025-03-17 01:08:50,634 - AutomationTest - INFO - Running step: input into the username "admin123" and password "admin"
2025-03-17 01:08:50,764 - AutomationTest - INFO - Running step: enter button login
2025-03-17 01:08:51,404 - AutomationTest - INFO - Running step: Verify user login success
2025-03-17 01:08:51,577 - AutomationTest - ERROR - [ERROR] Scenario 'Click to the func Authentication -- @1.2 ' failed!
2025-03-17 01:08:51,579 - AutomationTest - INFO - [INFO] Test suite finished!
2025-03-17 01:16:25,135 - AutomationTest - INFO - [INFO] Starting the test suite...
2025-03-17 01:16:26,843 - AutomationTest - INFO - ✅ Allure results will be saved at: reports/allure-results
2025-03-17 01:16:26,846 - AutomationTest - INFO - Running step: Open the browser
2025-03-17 01:16:26,848 - AutomationTest - INFO - Running step: go to practice test page herokuapp
2025-03-17 01:16:30,126 - AutomationTest - INFO - Running step: click func Authentication
2025-03-17 01:16:31,046 - AutomationTest - INFO - Running step: input into the username "tomsmith" and password "SuperSecretPassword!"
2025-03-17 01:16:31,160 - AutomationTest - INFO - Running step: enter button login
2025-03-17 01:16:31,207 - AutomationTest - INFO - Running step: Verify user login success
2025-03-17 01:16:32,314 - AutomationTest - INFO - [PASS] Scenario 'Click to the func Authentication -- @1.1 ' passed! Going back.
2025-03-17 01:16:32,333 - AutomationTest - INFO - Running step: Open the browser
2025-03-17 01:16:32,335 - AutomationTest - INFO - Running step: go to practice test page herokuapp
2025-03-17 01:16:32,647 - AutomationTest - INFO - Running step: click func Authentication
2025-03-17 01:16:33,007 - AutomationTest - INFO - Running step: input into the username "admin123" and password "admin"
2025-03-17 01:16:33,128 - AutomationTest - INFO - Running step: enter button login
2025-03-17 01:16:33,167 - AutomationTest - INFO - Running step: Verify user login success
2025-03-17 01:16:33,878 - AutomationTest - ERROR - [ERROR] Scenario 'Click to the func Authentication -- @1.2 ' failed!
2025-03-17 01:16:33,882 - AutomationTest - INFO - [INFO] Test suite finished!
