{"name": "Click to the func Authentication -- @1.1 ", "status": "broken", "statusDetails": {"message": "selenium.common.exceptions.StaleElementReferenceException: Message: stale element reference: stale element not found\n  (Session info: chrome=134.0.6998.89); For documentation on this error, please visit: https://www.selenium.dev/documentation/webdriver/troubleshooting/errors#stale-element-reference-exception\nStacktrace:\n\tGetHandleVerifier [0x00007FF65618FE45+26629]\n\t(No symbol) [0x00007FF6560F6010]\n\t(No symbol) [0x00007FF655F8931A]\n\t(No symbol) [0x00007FF655F9F424]\n\t(No symbol) [0x00007FF655F9DEF3]\n\t(No symbol) [0x00007FF655F919A9]\n\t(No symbol) [0x00007FF655F8F782]\n\t(No symbol) [0x00007FF655F93A3C]\n\t(No symbol) [0x00007FF655F93B0F]\n\t(No symbol) [0x00007FF655FD9526]\n\t(No symbol) [0x00007FF656007AAA]\n\t(No symbol) [0x00007FF655FD2156]\n\t(No symbol) [0x00007FF656007CC0]\n\t(No symbol) [0x00007FF656030169]\n\t(No symbol) [0x00007FF656007883]\n\t(No symbol) [0x00007FF655FD0550]\n\t(No symbol) [0x00007FF655FD1803]\n\tGetHandleVerifier [0x00007FF6564E72BD+3529853]\n\tGetHandleVerifier [0x00007FF6564FDA22+3621858]\n\tGetHandleVerifier [0x00007FF6564F24D3+3575443]\n\tGetHandleVerifier [0x00007FF65625B77A+860474]\n\t(No symbol) [0x00007FF65610088F]\n\t(No symbol) [0x00007FF6560FCBC4]\n\t(No symbol) [0x00007FF6560FCD66]\n\t(No symbol) [0x00007FF6560EC2C9]\n\tBaseThreadInitThunk [0x00007FFB5656E8D7+23]\n\tRtlUserThreadStart [0x00007FFB5789BF2C+44]\n\n", "trace": "  File \"C:\\Users\\Admin\\AppData\\Local\\Programs\\Python\\Python312\\Lib\\site-packages\\behave\\model.py\", line 1329, in run\n    match.run(runner.context)\n  File \"C:\\Users\\Admin\\AppData\\Local\\Programs\\Python\\Python312\\Lib\\site-packages\\behave\\matchers.py\", line 98, in run\n    self.func(context, *args, **kwargs)\n  File \"features\\steps\\steps_herokuapp.py\", line 57, in step_impl\n    assert get_login_page(context).verify_subheader() == \"Welcome to the Secure Area. When you are done click logout below.\"\n           ^^^^^^^^^^^^^^^^^^^^^^^^^^^^^^^^^^^^^^^^^^\n  File \"D:\\works_space\\selenium_bdd_python\\features\\steps\\pages\\login_page.py\", line 44, in verify_subheader\n    return self.wait.until(EC.presence_of_element_located(self.subheader)).text\n           ^^^^^^^^^^^^^^^^^^^^^^^^^^^^^^^^^^^^^^^^^^^^^^^^^^^^^^^^^^^^^^^^^^^^\n  File \"C:\\Users\\Admin\\AppData\\Local\\Programs\\Python\\Python312\\Lib\\site-packages\\selenium\\webdriver\\remote\\webelement.py\", line 109, in text\n    return self._execute(Command.GET_ELEMENT_TEXT)[\"value\"]\n           ^^^^^^^^^^^^^^^^^^^^^^^^^^^^^^^^^^^^^^^\n  File \"C:\\Users\\Admin\\AppData\\Local\\Programs\\Python\\Python312\\Lib\\site-packages\\selenium\\webdriver\\remote\\webelement.py\", line 570, in _execute\n    return self._parent.execute(command, params)\n           ^^^^^^^^^^^^^^^^^^^^^^^^^^^^^^^^^^^^^\n  File \"C:\\Users\\Admin\\AppData\\Local\\Programs\\Python\\Python312\\Lib\\site-packages\\selenium\\webdriver\\remote\\webdriver.py\", line 429, in execute\n    self.error_handler.check_response(response)\n  File \"C:\\Users\\Admin\\AppData\\Local\\Programs\\Python\\Python312\\Lib\\site-packages\\selenium\\webdriver\\remote\\errorhandler.py\", line 232, in check_response\n    raise exception_class(message, screen, stacktrace)\n"}, "steps": [{"name": "Given Open the browser", "status": "passed", "start": 1742150393179, "stop": 1742150393179}, {"name": "When go to practice test page herokuapp", "status": "passed", "start": 1742150393179, "stop": 1742150393507}, {"name": "When click func Authentication", "status": "passed", "start": 1742150393508, "stop": 1742150394688}, {"name": "And input into the username \"tomsmith\" and password \"SuperSecretPassword!\"", "status": "passed", "start": 1742150394688, "stop": 1742150394812}, {"name": "And enter button login", "status": "passed", "start": 1742150394812, "stop": 1742150394857}, {"name": "Then Verify user login success", "status": "broken", "statusDetails": {"message": "selenium.common.exceptions.StaleElementReferenceException: Message: stale element reference: stale element not found\n  (Session info: chrome=134.0.6998.89); For documentation on this error, please visit: https://www.selenium.dev/documentation/webdriver/troubleshooting/errors#stale-element-reference-exception\nStacktrace:\n\tGetHandleVerifier [0x00007FF65618FE45+26629]\n\t(No symbol) [0x00007FF6560F6010]\n\t(No symbol) [0x00007FF655F8931A]\n\t(No symbol) [0x00007FF655F9F424]\n\t(No symbol) [0x00007FF655F9DEF3]\n\t(No symbol) [0x00007FF655F919A9]\n\t(No symbol) [0x00007FF655F8F782]\n\t(No symbol) [0x00007FF655F93A3C]\n\t(No symbol) [0x00007FF655F93B0F]\n\t(No symbol) [0x00007FF655FD9526]\n\t(No symbol) [0x00007FF656007AAA]\n\t(No symbol) [0x00007FF655FD2156]\n\t(No symbol) [0x00007FF656007CC0]\n\t(No symbol) [0x00007FF656030169]\n\t(No symbol) [0x00007FF656007883]\n\t(No symbol) [0x00007FF655FD0550]\n\t(No symbol) [0x00007FF655FD1803]\n\tGetHandleVerifier [0x00007FF6564E72BD+3529853]\n\tGetHandleVerifier [0x00007FF6564FDA22+3621858]\n\tGetHandleVerifier [0x00007FF6564F24D3+3575443]\n\tGetHandleVerifier [0x00007FF65625B77A+860474]\n\t(No symbol) [0x00007FF65610088F]\n\t(No symbol) [0x00007FF6560FCBC4]\n\t(No symbol) [0x00007FF6560FCD66]\n\t(No symbol) [0x00007FF6560EC2C9]\n\tBaseThreadInitThunk [0x00007FFB5656E8D7+23]\n\tRtlUserThreadStart [0x00007FFB5789BF2C+44]\n\n", "trace": "  File \"C:\\Users\\Admin\\AppData\\Local\\Programs\\Python\\Python312\\Lib\\site-packages\\behave\\model.py\", line 1329, in run\n    match.run(runner.context)\n  File \"C:\\Users\\Admin\\AppData\\Local\\Programs\\Python\\Python312\\Lib\\site-packages\\behave\\matchers.py\", line 98, in run\n    self.func(context, *args, **kwargs)\n  File \"features\\steps\\steps_herokuapp.py\", line 57, in step_impl\n    assert get_login_page(context).verify_subheader() == \"Welcome to the Secure Area. When you are done click logout below.\"\n           ^^^^^^^^^^^^^^^^^^^^^^^^^^^^^^^^^^^^^^^^^^\n  File \"D:\\works_space\\selenium_bdd_python\\features\\steps\\pages\\login_page.py\", line 44, in verify_subheader\n    return self.wait.until(EC.presence_of_element_located(self.subheader)).text\n           ^^^^^^^^^^^^^^^^^^^^^^^^^^^^^^^^^^^^^^^^^^^^^^^^^^^^^^^^^^^^^^^^^^^^\n  File \"C:\\Users\\Admin\\AppData\\Local\\Programs\\Python\\Python312\\Lib\\site-packages\\selenium\\webdriver\\remote\\webelement.py\", line 109, in text\n    return self._execute(Command.GET_ELEMENT_TEXT)[\"value\"]\n           ^^^^^^^^^^^^^^^^^^^^^^^^^^^^^^^^^^^^^^^\n  File \"C:\\Users\\Admin\\AppData\\Local\\Programs\\Python\\Python312\\Lib\\site-packages\\selenium\\webdriver\\remote\\webelement.py\", line 570, in _execute\n    return self._parent.execute(command, params)\n           ^^^^^^^^^^^^^^^^^^^^^^^^^^^^^^^^^^^^^\n  File \"C:\\Users\\Admin\\AppData\\Local\\Programs\\Python\\Python312\\Lib\\site-packages\\selenium\\webdriver\\remote\\webdriver.py\", line 429, in execute\n    self.error_handler.check_response(response)\n  File \"C:\\Users\\Admin\\AppData\\Local\\Programs\\Python\\Python312\\Lib\\site-packages\\selenium\\webdriver\\remote\\errorhandler.py\", line 232, in check_response\n    raise exception_class(message, screen, stacktrace)\n"}, "attachments": [{"name": "Verify user login success", "source": "9eac6626-cf41-4394-8433-2205b8e9401c-attachment.png", "type": "image/png"}], "start": 1742150394858, "stop": 1742150395598}], "parameters": [{"name": "username", "value": "tomsmith"}, {"name": "password", "value": "SuperSecretPassword!"}], "start": 1742150393178, "stop": 1742150395598, "uuid": "a2a89c5d-7593-4357-8a54-f6ab9c00e372", "historyId": "31e0afe0e30b135950a3bff8e785670a", "fullName": "example feature on HerokuApp web: Click to the func Authentication", "labels": [{"name": "severity", "value": "normal"}, {"name": "feature", "value": "example feature on HerokuApp web"}, {"name": "framework", "value": "behave"}, {"name": "language", "value": "cpython3"}]}