{"uid":"4b4757e66a1912dae1a509f688f20b0f","name":"categories","children":[{"name":"Test defects","children":[{"name":"selenium.common.exceptions.StaleElementReferenceException: Message: stale element reference: stale element not found\n  (Session info: chrome=134.0.6998.89); For documentation on this error, please visit: https://www.selenium.dev/documentation/webdriver/troubleshooting/errors#stale-element-reference-exception\nStacktrace:\n\tGetHandleVerifier [0x00007FF65618FE45+26629]\n\t(No symbol) [0x00007FF6560F6010]\n\t(No symbol) [0x00007FF655F8931A]\n\t(No symbol) [0x00007FF655F9F424]\n\t(No symbol) [0x00007FF655F9DEF3]\n\t(No symbol) [0x00007FF655F919A9]\n\t(No symbol) [0x00007FF655F8F782]\n\t(No symbol) [0x00007FF655F93A3C]\n\t(No symbol) [0x00007FF655F93B0F]\n\t(No symbol) [0x00007FF655FD9526]\n\t(No symbol) [0x00007FF656007AAA]\n\t(No symbol) [0x00007FF655FD2156]\n\t(No symbol) [0x00007FF656007CC0]\n\t(No symbol) [0x00007FF656030169]\n\t(No symbol) [0x00007FF656007883]\n\t(No symbol) [0x00007FF655FD0550]\n\t(No symbol) [0x00007FF655FD1803]\n\tGetHandleVerifier [0x00007FF6564E72BD+3529853]\n\tGetHandleVerifier [0x00007FF6564FDA22+3621858]\n\tGetHandleVerifier [0x00007FF6564F24D3+3575443]\n\tGetHandleVerifier [0x00007FF65625B77A+860474]\n\t(No symbol) [0x00007FF65610088F]\n\t(No symbol) [0x00007FF6560FCBC4]\n\t(No symbol) [0x00007FF6560FCD66]\n\t(No symbol) [0x00007FF6560EC2C9]\n\tBaseThreadInitThunk [0x00007FFB5656E8D7+23]\n\tRtlUserThreadStart [0x00007FFB5789BF2C+44]\n\n","children":[{"name":"Click to the func Authentication -- @1.1 ","uid":"cbfd8992500e9af3","parentUid":"e223532d0d7b10397f1b5ded2e0114a6","status":"broken","time":{"start":1742150393178,"stop":1742150395598,"duration":2420},"flaky":false,"newFailed":false,"newPassed":false,"newBroken":false,"retriesCount":3,"retriesStatusChange":true,"parameters":["SuperSecretPassword!","tomsmith"],"tags":[]}],"uid":"e223532d0d7b10397f1b5ded2e0114a6"}],"uid":"bdbf199525818fae7a8651db9eafe741"},{"name":"Product defects","children":[{"name":"AssertionError\n","children":[{"name":"Click to the func Authentication -- @1.2 ","uid":"daa67b4e78bf34ae","parentUid":"a730cf0b0a23aabea6d11aa0391c8a76","status":"failed","time":{"start":1742150395599,"stop":1742150397169,"duration":1570},"flaky":false,"newFailed":false,"newPassed":false,"newBroken":false,"retriesCount":3,"retriesStatusChange":false,"parameters":["admin","admin123"],"tags":[]}],"uid":"a730cf0b0a23aabea6d11aa0391c8a76"}],"uid":"8fb3a91ba5aaf9de24cc8a92edc82b5d"}]}